Seq	Host	Starttime	JobRuntime	Send	Receive	Exitval	Signal	Command
9	:	1639000418.919	   354.595	0	355	0	0	sh run_cmd_1.sh 9
5	:	1639000418.909	   546.959	0	386	0	0	sh run_cmd_1.sh 5
11	:	1639000418.922	   767.108	0	415	0	0	sh run_cmd_1.sh 11
19	:	1639000418.937	  1337.014	0	448	0	0	sh run_cmd_1.sh 19
15	:	1639000418.930	  1339.717	0	447	0	0	sh run_cmd_1.sh 15
7	:	1639000418.914	  1395.431	0	446	0	0	sh run_cmd_1.sh 7
4	:	1639000418.907	  1429.644	0	445	0	0	sh run_cmd_1.sh 4
1	:	1639000418.899	  1451.344	0	448	0	0	sh run_cmd_1.sh 1
2	:	1639000418.902	  1463.529	0	446	0	0	sh run_cmd_1.sh 2
10	:	1639000418.920	  1467.026	0	445	0	0	sh run_cmd_1.sh 10
20	:	1639000418.939	  1482.528	0	447	0	0	sh run_cmd_1.sh 20
18	:	1639000418.936	  1483.872	0	479	0	0	sh run_cmd_1.sh 18
13	:	1639000418.926	  1490.490	0	445	0	0	sh run_cmd_1.sh 13
6	:	1639000418.912	  1495.916	0	445	0	0	sh run_cmd_1.sh 6
16	:	1639000418.932	  1503.713	0	446	0	0	sh run_cmd_1.sh 16
17	:	1639000418.934	  1514.842	0	478	0	0	sh run_cmd_1.sh 17
14	:	1639000418.928	  1524.207	0	477	0	0	sh run_cmd_1.sh 14
8	:	1639000418.917	  1562.306	0	477	0	0	sh run_cmd_1.sh 8
3	:	1639000418.904	  1575.812	0	477	0	0	sh run_cmd_1.sh 3
12	:	1639000418.924	  1583.348	0	478	0	0	sh run_cmd_1.sh 12
21	:	1639000773.518	  1364.587	0	444	0	0	sh run_cmd_1.sh 21
22	:	1639000965.873	  1512.871	0	477	0	0	sh run_cmd_1.sh 22
23	:	1639001186.035	  1439.424	0	446	0	0	sh run_cmd_1.sh 23
28	:	1639001870.247	   927.005	0	415	0	0	sh run_cmd_1.sh 28
24	:	1639001755.957	  1383.878	0	448	0	0	sh run_cmd_1.sh 24
25	:	1639001758.651	  1395.948	0	449	0	0	sh run_cmd_1.sh 25
26	:	1639001814.353	  1417.573	0	447	0	0	sh run_cmd_1.sh 26
35	:	1639001922.649	  1453.641	0	447	0	0	sh run_cmd_1.sh 35
31	:	1639001901.471	  1477.983	0	448	0	0	sh run_cmd_1.sh 31
33	:	1639001909.421	  1478.210	0	445	0	0	sh run_cmd_1.sh 33
39	:	1639001994.722	  1400.627	0	447	0	0	sh run_cmd_1.sh 39
27	:	1639001848.555	  1550.323	0	446	0	0	sh run_cmd_1.sh 27
32	:	1639001902.814	  1507.116	0	476	0	0	sh run_cmd_1.sh 32
38	:	1639001981.228	  1455.078	0	446	0	0	sh run_cmd_1.sh 38
30	:	1639001885.951	  1556.622	0	478	0	0	sh run_cmd_1.sh 30
36	:	1639001933.795	  1528.616	0	476	0	0	sh run_cmd_1.sh 36
29	:	1639001882.437	  1587.674	0	473	0	0	sh run_cmd_1.sh 29
34	:	1639001914.833	  1556.717	0	478	0	0	sh run_cmd_1.sh 34
40	:	1639002002.276	  1577.710	0	447	0	0	sh run_cmd_1.sh 40
41	:	1639002138.110	  1512.029	0	476	0	0	sh run_cmd_1.sh 41
37	:	1639001943.139	  1783.220	0	510	0	0	sh run_cmd_1.sh 37
47	:	1639003231.931	   757.966	0	416	0	0	sh run_cmd_1.sh 47
42	:	1639002478.749	  1574.149	0	478	0	0	sh run_cmd_1.sh 42
43	:	1639002625.463	  1618.786	0	474	0	0	sh run_cmd_1.sh 43
44	:	1639002797.256	  1709.520	0	477	0	0	sh run_cmd_1.sh 44
46	:	1639003154.604	  1462.811	0	473	0	0	sh run_cmd_1.sh 46
63	:	1639004052.908	   641.871	0	417	0	0	sh run_cmd_1.sh 63
49	:	1639003379.459	  1354.881	0	445	0	0	sh run_cmd_1.sh 49
52	:	1639003398.883	  1363.335	0	446	0	0	sh run_cmd_1.sh 52
45	:	1639003139.840	  1640.809	0	478	0	0	sh run_cmd_1.sh 45
56	:	1639003462.421	  1344.109	0	447	0	0	sh run_cmd_1.sh 56
55	:	1639003442.578	  1372.270	0	446	0	0	sh run_cmd_1.sh 55
50	:	1639003387.637	  1429.786	0	445	0	0	sh run_cmd_1.sh 50
53	:	1639003409.934	  1434.609	0	477	0	0	sh run_cmd_1.sh 53
58	:	1639003471.554	  1452.407	0	447	0	0	sh run_cmd_1.sh 58
48	:	1639003376.298	  1566.903	0	473	0	0	sh run_cmd_1.sh 48
54	:	1639003436.311	  1528.087	0	476	0	0	sh run_cmd_1.sh 54
59	:	1639003579.991	  1437.808	0	447	0	0	sh run_cmd_1.sh 59
60	:	1639003650.146	  1368.697	0	447	0	0	sh run_cmd_1.sh 60
51	:	1639003395.355	  1628.777	0	477	0	0	sh run_cmd_1.sh 51
57	:	1639003470.137	  1599.807	0	476	0	0	sh run_cmd_1.sh 57
61	:	1639003726.364	  1580.283	0	477	0	0	sh run_cmd_1.sh 61
62	:	1639003989.904	  1470.932	0	448	0	0	sh run_cmd_1.sh 62
64	:	1639004244.254	  1497.082	0	476	0	0	sh run_cmd_1.sh 64
65	:	1639004506.782	  1526.736	0	446	0	0	sh run_cmd_1.sh 65
68	:	1639004734.346	  1369.927	0	446	0	0	sh run_cmd_1.sh 68
66	:	1639004617.420	  1487.700	0	448	0	0	sh run_cmd_1.sh 66
83	:	1639005460.842	   675.154	0	418	0	0	sh run_cmd_1.sh 83
67	:	1639004694.784	  1526.575	0	447	0	0	sh run_cmd_1.sh 67
72	:	1639004814.853	  1419.946	0	443	0	0	sh run_cmd_1.sh 72
70	:	1639004780.654	  1458.098	0	446	0	0	sh run_cmd_1.sh 70
74	:	1639004844.549	  1475.269	0	478	0	0	sh run_cmd_1.sh 74
71	:	1639004806.536	  1535.319	0	445	0	0	sh run_cmd_1.sh 71
85	:	1639006033.523	   326.029	0	355	0	0	sh run_cmd_1.sh 85
75	:	1639004923.971	  1456.634	0	447	0	0	sh run_cmd_1.sh 75
81	:	1639005069.949	  1311.208	0	447	0	0	sh run_cmd_1.sh 81
73	:	1639004817.428	  1582.049	0	476	0	0	sh run_cmd_1.sh 73
69	:	1639004762.223	  1638.684	0	447	0	0	sh run_cmd_1.sh 69
77	:	1639004964.403	  1454.851	0	445	0	0	sh run_cmd_1.sh 77
79	:	1639005018.848	  1403.056	0	446	0	0	sh run_cmd_1.sh 79
78	:	1639005017.803	  1429.440	0	446	0	0	sh run_cmd_1.sh 78
76	:	1639004943.207	  1533.371	0	446	0	0	sh run_cmd_1.sh 76
80	:	1639005024.137	  1526.711	0	477	0	0	sh run_cmd_1.sh 80
82	:	1639005306.652	  1509.526	0	446	0	0	sh run_cmd_1.sh 82
84	:	1639005741.345	  1353.532	0	446	0	0	sh run_cmd_1.sh 84
98	:	1639006400.911	   925.867	0	445	0	0	sh run_cmd_1.sh 98
87	:	1639006105.126	  1410.775	0	446	0	0	sh run_cmd_1.sh 87
91	:	1639006238.757	  1283.850	0	446	0	0	sh run_cmd_1.sh 91
90	:	1639006234.804	  1344.336	0	446	0	0	sh run_cmd_1.sh 90
86	:	1639006104.278	  1510.055	0	477	0	0	sh run_cmd_1.sh 86
96	:	1639006381.169	  1252.404	0	446	0	0	sh run_cmd_1.sh 96
92	:	1639006319.823	  1318.080	0	444	0	0	sh run_cmd_1.sh 92
89	:	1639006221.369	  1420.480	0	476	0	0	sh run_cmd_1.sh 89
88	:	1639006136.001	  1518.828	0	475	0	0	sh run_cmd_1.sh 88
94	:	1639006359.556	  1298.598	0	476	0	0	sh run_cmd_1.sh 94
97	:	1639006399.486	  1284.072	0	446	0	0	sh run_cmd_1.sh 97
95	:	1639006380.610	  1349.919	0	445	0	0	sh run_cmd_1.sh 95
99	:	1639006419.259	  1362.682	0	449	0	0	sh run_cmd_1.sh 99
100	:	1639006421.909	  1404.667	0	476	0	0	sh run_cmd_1.sh 100
93	:	1639006341.860	  1514.876	0	475	0	0	sh run_cmd_1.sh 93
