Seq	Host	Starttime	JobRuntime	Send	Receive	Exitval	Signal	Command
19	:	1636786055.410	   670.908	0	295	0	0	sh run_cmd_3.sh 19
14	:	1636786055.399	  1725.769	0	295	0	0	sh run_cmd_3.sh 14
8	:	1636786055.384	  1798.644	0	295	0	0	sh run_cmd_3.sh 8
7	:	1636786055.382	  1816.789	0	295	0	0	sh run_cmd_3.sh 7
1	:	1636786055.364	  1832.865	0	295	0	0	sh run_cmd_3.sh 1
13	:	1636786055.397	  1844.304	0	295	0	0	sh run_cmd_3.sh 13
10	:	1636786055.389	  1854.331	0	295	0	0	sh run_cmd_3.sh 10
4	:	1636786055.373	  1899.433	0	295	0	0	sh run_cmd_3.sh 4
2	:	1636786055.367	  1912.289	0	295	0	0	sh run_cmd_3.sh 2
15	:	1636786055.401	  1936.073	0	295	0	0	sh run_cmd_3.sh 15
11	:	1636786055.392	  1942.148	0	295	0	0	sh run_cmd_3.sh 11
12	:	1636786055.394	  1948.401	0	295	0	0	sh run_cmd_3.sh 12
17	:	1636786055.406	  1957.469	0	295	0	0	sh run_cmd_3.sh 17
16	:	1636786055.404	  1962.909	0	295	0	0	sh run_cmd_3.sh 16
3	:	1636786055.371	  1966.336	0	295	0	0	sh run_cmd_3.sh 3
5	:	1636786055.376	  2007.666	0	295	0	0	sh run_cmd_3.sh 5
9	:	1636786055.387	  2017.412	0	295	0	0	sh run_cmd_3.sh 9
20	:	1636786055.412	  2021.891	0	295	0	0	sh run_cmd_3.sh 20
18	:	1636786055.408	  2043.523	0	295	0	0	sh run_cmd_3.sh 18
6	:	1636786055.379	  2096.452	0	295	0	0	sh run_cmd_3.sh 6
30	:	1636787991.500	   455.223	0	295	0	0	sh run_cmd_3.sh 30
35	:	1636788021.713	   606.802	0	295	0	0	sh run_cmd_3.sh 35
21	:	1636786726.324	  2042.785	0	295	0	0	sh run_cmd_3.sh 21
42	:	1636788628.524	   814.680	0	295	0	0	sh run_cmd_3.sh 42
22	:	1636787781.172	  1691.125	0	295	0	0	sh run_cmd_3.sh 22
23	:	1636787854.033	  1879.193	0	295	0	0	sh run_cmd_3.sh 23
29	:	1636787967.662	  1812.322	0	295	0	0	sh run_cmd_3.sh 29
27	:	1636787909.727	  1897.088	0	295	0	0	sh run_cmd_3.sh 27
31	:	1636787997.545	  1835.355	0	295	0	0	sh run_cmd_3.sh 31
28	:	1636787954.811	  1878.974	0	295	0	0	sh run_cmd_3.sh 28
25	:	1636787888.235	  1961.619	0	295	0	0	sh run_cmd_3.sh 25
26	:	1636787899.707	  1981.155	0	295	0	0	sh run_cmd_3.sh 26
32	:	1636788003.800	  1888.414	0	295	0	0	sh run_cmd_3.sh 32
24	:	1636787872.175	  2070.910	0	295	0	0	sh run_cmd_3.sh 24
38	:	1636788077.309	  1930.977	0	295	0	0	sh run_cmd_3.sh 38
40	:	1636788151.836	  1861.370	0	295	0	0	sh run_cmd_3.sh 40
33	:	1636788012.880	  2048.667	0	295	0	0	sh run_cmd_3.sh 33
37	:	1636788072.805	  2010.299	0	295	0	0	sh run_cmd_3.sh 37
34	:	1636788018.322	  2076.305	0	295	0	0	sh run_cmd_3.sh 34
39	:	1636788098.960	  2067.430	0	295	0	0	sh run_cmd_3.sh 39
36	:	1636788063.051	  2228.865	0	295	0	0	sh run_cmd_3.sh 36
41	:	1636788446.730	  2066.230	0	295	0	0	sh run_cmd_3.sh 41
43	:	1636788769.115	  1997.128	0	295	0	0	sh run_cmd_3.sh 43
45	:	1636789472.307	  1867.735	0	295	0	0	sh run_cmd_3.sh 45
44	:	1636789443.209	  2119.472	0	295	0	0	sh run_cmd_3.sh 44
51	:	1636789849.863	  1745.647	0	295	0	0	sh run_cmd_3.sh 51
50	:	1636789833.792	  1818.158	0	295	0	0	sh run_cmd_3.sh 50
48	:	1636789806.822	  1845.497	0	295	0	0	sh run_cmd_3.sh 48
47	:	1636789779.991	  1877.580	0	295	0	0	sh run_cmd_3.sh 47
46	:	1636789733.231	  1945.894	0	295	0	0	sh run_cmd_3.sh 46
58	:	1636790083.110	  1622.173	0	295	0	0	sh run_cmd_3.sh 58
54	:	1636789943.091	  1780.190	0	295	0	0	sh run_cmd_3.sh 54
49	:	1636789832.905	  2019.700	0	295	0	0	sh run_cmd_3.sh 49
55	:	1636790008.294	  2007.706	0	295	0	0	sh run_cmd_3.sh 55
52	:	1636789880.870	  2139.738	0	295	0	0	sh run_cmd_3.sh 52
57	:	1636790061.552	  1967.605	0	295	0	0	sh run_cmd_3.sh 57
56	:	1636790013.211	  2033.098	0	295	0	0	sh run_cmd_3.sh 56
61	:	1636790291.922	  1867.743	0	295	0	0	sh run_cmd_3.sh 61
59	:	1636790094.632	  2163.108	0	295	0	0	sh run_cmd_3.sh 59
60	:	1636790166.397	  2120.287	0	295	0	0	sh run_cmd_3.sh 60
53	:	1636789892.220	  2492.579	0	295	0	0	sh run_cmd_3.sh 53
62	:	1636790512.964	  1986.962	0	295	0	0	sh run_cmd_3.sh 62
63	:	1636790766.252	  1969.321	0	295	0	0	sh run_cmd_3.sh 63
64	:	1636791340.047	  1961.611	0	295	0	0	sh run_cmd_3.sh 64
65	:	1636791562.691	  1779.023	0	295	0	0	sh run_cmd_3.sh 65
69	:	1636791657.578	  1861.526	0	295	0	0	sh run_cmd_3.sh 69
67	:	1636791651.956	  1875.336	0	295	0	0	sh run_cmd_3.sh 67
72	:	1636791723.287	  1813.637	0	295	0	0	sh run_cmd_3.sh 72
68	:	1636791652.325	  1891.342	0	295	0	0	sh run_cmd_3.sh 68
66	:	1636791595.515	  2023.983	0	295	0	0	sh run_cmd_3.sh 66
71	:	1636791705.291	  1921.084	0	295	0	0	sh run_cmd_3.sh 71
73	:	1636791852.611	  1880.664	0	295	0	0	sh run_cmd_3.sh 73
74	:	1636792016.016	  1755.736	0	295	0	0	sh run_cmd_3.sh 74
76	:	1636792029.162	  1748.312	0	295	0	0	sh run_cmd_3.sh 76
75	:	1636792020.612	  1858.529	0	295	0	0	sh run_cmd_3.sh 75
70	:	1636791679.134	  2223.223	0	295	0	0	sh run_cmd_3.sh 70
77	:	1636792046.314	  1904.761	0	295	0	0	sh run_cmd_3.sh 77
80	:	1636792286.694	  1830.055	0	295	0	0	sh run_cmd_3.sh 80
87	:	1636793527.303	   600.579	0	295	0	0	sh run_cmd_3.sh 87
79	:	1636792257.746	  2020.917	0	295	0	0	sh run_cmd_3.sh 79
82	:	1636792499.931	  1967.336	0	295	0	0	sh run_cmd_3.sh 82
78	:	1636792159.673	  2325.538	0	295	0	0	sh run_cmd_3.sh 78
98	:	1636794116.759	   397.547	0	295	0	0	sh run_cmd_3.sh 98
81	:	1636792384.804	  2159.669	0	295	0	0	sh run_cmd_3.sh 81
83	:	1636792735.578	  1982.185	0	295	0	0	sh run_cmd_3.sh 83
97	:	1636793951.083	  1052.886	0	295	0	0	sh run_cmd_3.sh 97
85	:	1636793341.718	  1849.107	0	295	0	0	sh run_cmd_3.sh 85
84	:	1636793301.664	  1893.743	0	295	0	0	sh run_cmd_3.sh 84
89	:	1636793543.673	  1807.875	0	295	0	0	sh run_cmd_3.sh 89
86	:	1636793519.111	  1886.984	0	295	0	0	sh run_cmd_3.sh 86
88	:	1636793536.929	  1940.860	0	295	0	0	sh run_cmd_3.sh 88
91	:	1636793626.386	  1937.378	0	295	0	0	sh run_cmd_3.sh 91
96	:	1636793902.362	  1667.592	0	295	0	0	sh run_cmd_3.sh 96
94	:	1636793777.480	  1801.625	0	295	0	0	sh run_cmd_3.sh 94
90	:	1636793619.503	  1973.323	0	295	0	0	sh run_cmd_3.sh 90
93	:	1636793771.757	  1862.768	0	295	0	0	sh run_cmd_3.sh 93
92	:	1636793733.282	  1923.304	0	295	0	0	sh run_cmd_3.sh 92
95	:	1636793879.146	  1809.175	0	295	0	0	sh run_cmd_3.sh 95
99	:	1636794127.888	  1573.078	0	295	0	0	sh run_cmd_3.sh 99
100	:	1636794278.670	  1620.720	0	295	0	0	sh run_cmd_3.sh 100
