Seq	Host	Starttime	JobRuntime	Send	Receive	Exitval	Signal	Command
10	:	1636732189.920	   238.621	0	295	0	0	sh run_cmd_0.sh 10
7	:	1636732189.914	   519.677	0	295	0	0	sh run_cmd_0.sh 7
1	:	1636732189.898	  1207.319	0	295	0	0	sh run_cmd_0.sh 1
20	:	1636732189.940	  1214.391	0	295	0	0	sh run_cmd_0.sh 20
3	:	1636732189.904	  1226.174	0	295	0	0	sh run_cmd_0.sh 3
18	:	1636732189.936	  1245.182	0	295	0	0	sh run_cmd_0.sh 18
6	:	1636732189.912	  1249.582	0	295	0	0	sh run_cmd_0.sh 6
5	:	1636732189.910	  1257.164	0	295	0	0	sh run_cmd_0.sh 5
4	:	1636732189.907	  1262.618	0	295	0	0	sh run_cmd_0.sh 4
11	:	1636732189.922	  1272.699	0	295	0	0	sh run_cmd_0.sh 11
9	:	1636732189.917	  1303.763	0	295	0	0	sh run_cmd_0.sh 9
19	:	1636732189.938	  1307.148	0	295	0	0	sh run_cmd_0.sh 19
13	:	1636732189.925	  1314.182	0	295	0	0	sh run_cmd_0.sh 13
14	:	1636732189.928	  1337.739	0	295	0	0	sh run_cmd_0.sh 14
8	:	1636732189.916	  1338.754	0	295	0	0	sh run_cmd_0.sh 8
12	:	1636732189.923	  1352.823	0	295	0	0	sh run_cmd_0.sh 12
17	:	1636732189.934	  1370.874	0	295	0	0	sh run_cmd_0.sh 17
15	:	1636732189.930	  1372.434	0	295	0	0	sh run_cmd_0.sh 15
2	:	1636732189.901	  1431.693	0	295	0	0	sh run_cmd_0.sh 2
16	:	1636732189.932	  1436.448	0	295	0	0	sh run_cmd_0.sh 16
21	:	1636732428.546	  1216.777	0	295	0	0	sh run_cmd_0.sh 21
25	:	1636733416.087	   330.203	0	295	0	0	sh run_cmd_0.sh 25
34	:	1636733527.671	   581.460	0	295	0	0	sh run_cmd_0.sh 34
22	:	1636732709.601	  1400.164	0	295	0	0	sh run_cmd_0.sh 22
26	:	1636733435.124	  1072.592	0	295	0	0	sh run_cmd_0.sh 26
44	:	1636734109.775	   401.256	0	295	0	0	sh run_cmd_0.sh 44
23	:	1636733397.223	  1237.246	0	295	0	0	sh run_cmd_0.sh 23
24	:	1636733404.343	  1257.187	0	295	0	0	sh run_cmd_0.sh 24
28	:	1636733447.080	  1221.891	0	295	0	0	sh run_cmd_0.sh 28
33	:	1636733504.112	  1187.344	0	295	0	0	sh run_cmd_0.sh 33
31	:	1636733493.696	  1220.470	0	295	0	0	sh run_cmd_0.sh 31
38	:	1636733562.370	  1166.448	0	295	0	0	sh run_cmd_0.sh 38
35	:	1636733528.674	  1275.269	0	295	0	0	sh run_cmd_0.sh 35
41	:	1636733645.328	  1158.942	0	295	0	0	sh run_cmd_0.sh 41
27	:	1636733439.499	  1365.748	0	295	0	0	sh run_cmd_0.sh 27
32	:	1636733497.092	  1355.240	0	295	0	0	sh run_cmd_0.sh 32
36	:	1636733542.751	  1321.519	0	295	0	0	sh run_cmd_0.sh 36
40	:	1636733626.384	  1241.981	0	295	0	0	sh run_cmd_0.sh 40
37	:	1636733560.814	  1309.066	0	295	0	0	sh run_cmd_0.sh 37
29	:	1636733452.534	  1440.844	0	295	0	0	sh run_cmd_0.sh 29
30	:	1636733462.625	  1431.653	0	295	0	0	sh run_cmd_0.sh 30
39	:	1636733621.599	  1341.880	0	295	0	0	sh run_cmd_0.sh 39
42	:	1636733746.296	  1232.427	0	295	0	0	sh run_cmd_0.sh 42
48	:	1636734661.534	   592.936	0	295	0	0	sh run_cmd_0.sh 48
43	:	1636734109.140	  1359.351	0	295	0	0	sh run_cmd_0.sh 43
61	:	1636734894.302	   759.424	0	295	0	0	sh run_cmd_0.sh 61
46	:	1636734511.248	  1244.554	0	295	0	0	sh run_cmd_0.sh 46
45	:	1636734507.722	  1337.916	0	295	0	0	sh run_cmd_0.sh 45
50	:	1636734691.461	  1240.334	0	295	0	0	sh run_cmd_0.sh 50
54	:	1636734804.275	  1177.986	0	295	0	0	sh run_cmd_0.sh 54
52	:	1636734728.822	  1272.629	0	295	0	0	sh run_cmd_0.sh 52
47	:	1636734634.474	  1378.349	0	295	0	0	sh run_cmd_0.sh 47
49	:	1636734668.975	  1347.476	0	295	0	0	sh run_cmd_0.sh 49
55	:	1636734805.252	  1241.561	0	295	0	0	sh run_cmd_0.sh 55
56	:	1636734852.341	  1201.678	0	295	0	0	sh run_cmd_0.sh 56
59	:	1636734869.884	  1209.960	0	295	0	0	sh run_cmd_0.sh 59
53	:	1636734803.948	  1281.664	0	295	0	0	sh run_cmd_0.sh 53
60	:	1636734893.402	  1218.391	0	295	0	0	sh run_cmd_0.sh 60
51	:	1636734714.171	  1409.990	0	295	0	0	sh run_cmd_0.sh 51
57	:	1636734864.277	  1283.837	0	295	0	0	sh run_cmd_0.sh 57
62	:	1636734963.486	  1207.371	0	295	0	0	sh run_cmd_0.sh 62
58	:	1636734868.371	  1310.409	0	295	0	0	sh run_cmd_0.sh 58
63	:	1636734978.728	  1215.677	0	295	0	0	sh run_cmd_0.sh 63
77	:	1636736085.620	   341.167	0	295	0	0	sh run_cmd_0.sh 77
64	:	1636735254.474	  1202.653	0	295	0	0	sh run_cmd_0.sh 64
65	:	1636735468.496	  1203.970	0	295	0	0	sh run_cmd_0.sh 65
84	:	1636736426.791	   467.460	0	295	0	0	sh run_cmd_0.sh 84
66	:	1636735653.731	  1261.978	0	295	0	0	sh run_cmd_0.sh 66
67	:	1636735755.807	  1253.698	0	295	0	0	sh run_cmd_0.sh 67
68	:	1636735845.642	  1278.414	0	295	0	0	sh run_cmd_0.sh 68
69	:	1636735931.799	  1195.828	0	295	0	0	sh run_cmd_0.sh 69
74	:	1636736046.819	  1181.453	0	295	0	0	sh run_cmd_0.sh 74
79	:	1636736124.166	  1175.905	0	295	0	0	sh run_cmd_0.sh 79
70	:	1636735982.266	  1357.361	0	295	0	0	sh run_cmd_0.sh 70
73	:	1636736016.469	  1331.365	0	295	0	0	sh run_cmd_0.sh 73
78	:	1636736111.799	  1281.927	0	295	0	0	sh run_cmd_0.sh 78
83	:	1636736194.413	  1200.616	0	295	0	0	sh run_cmd_0.sh 83
76	:	1636736079.850	  1327.170	0	295	0	0	sh run_cmd_0.sh 76
71	:	1636736001.476	  1422.100	0	295	0	0	sh run_cmd_0.sh 71
72	:	1636736012.828	  1415.213	0	295	0	0	sh run_cmd_0.sh 72
75	:	1636736054.028	  1422.434	0	295	0	0	sh run_cmd_0.sh 75
80	:	1636736148.121	  1328.575	0	295	0	0	sh run_cmd_0.sh 80
81	:	1636736170.861	  1377.236	0	295	0	0	sh run_cmd_0.sh 81
82	:	1636736178.786	  1373.549	0	295	0	0	sh run_cmd_0.sh 82
85	:	1636736457.132	  1225.084	0	295	0	0	sh run_cmd_0.sh 85
99	:	1636737423.581	   371.550	0	295	0	0	sh run_cmd_0.sh 99
86	:	1636736672.474	  1303.220	0	295	0	0	sh run_cmd_0.sh 86
88	:	1636736915.714	  1179.002	0	295	0	0	sh run_cmd_0.sh 88
87	:	1636736894.255	  1230.051	0	295	0	0	sh run_cmd_0.sh 87
91	:	1636737127.631	  1117.263	0	295	0	0	sh run_cmd_0.sh 91
89	:	1636737009.510	  1270.941	0	295	0	0	sh run_cmd_0.sh 89
90	:	1636737124.060	  1253.167	0	295	0	0	sh run_cmd_0.sh 90
93	:	1636737300.095	  1144.869	0	295	0	0	sh run_cmd_0.sh 93
92	:	1636737228.276	  1251.875	0	295	0	0	sh run_cmd_0.sh 92
100	:	1636737428.049	  1062.568	0	295	0	0	sh run_cmd_0.sh 100
96	:	1636737393.732	  1133.557	0	295	0	0	sh run_cmd_0.sh 96
95	:	1636737347.838	  1184.740	0	295	0	0	sh run_cmd_0.sh 95
94	:	1636737339.632	  1193.329	0	295	0	0	sh run_cmd_0.sh 94
97	:	1636737395.035	  1163.217	0	295	0	0	sh run_cmd_0.sh 97
98	:	1636737407.025	  1156.740	0	295	0	0	sh run_cmd_0.sh 98
