Seq	Host	Starttime	JobRuntime	Send	Receive	Exitval	Signal	Command
2	:	1636816661.977	  1109.426	0	295	0	0	sh run_cmd_7.sh 2
6	:	1636816661.989	  2039.860	0	295	0	0	sh run_cmd_7.sh 6
8	:	1636816661.995	  2126.151	0	295	0	0	sh run_cmd_7.sh 8
20	:	1636816662.023	  2577.391	0	295	0	0	sh run_cmd_7.sh 20
1	:	1636816661.973	  2648.184	0	295	0	0	sh run_cmd_7.sh 1
18	:	1636816662.019	  2832.197	0	295	0	0	sh run_cmd_7.sh 18
15	:	1636816662.012	  2834.001	0	295	0	0	sh run_cmd_7.sh 15
11	:	1636816662.002	  2875.948	0	295	0	0	sh run_cmd_7.sh 11
12	:	1636816662.004	  2989.722	0	295	0	0	sh run_cmd_7.sh 12
10	:	1636816662.000	  2998.831	0	295	0	0	sh run_cmd_7.sh 10
9	:	1636816661.997	  3026.099	0	295	0	0	sh run_cmd_7.sh 9
14	:	1636816662.009	  3058.085	0	295	0	0	sh run_cmd_7.sh 14
3	:	1636816661.980	  3068.540	0	295	0	0	sh run_cmd_7.sh 3
16	:	1636816662.014	  3099.607	0	295	0	0	sh run_cmd_7.sh 16
13	:	1636816662.006	  3153.063	0	295	0	0	sh run_cmd_7.sh 13
19	:	1636816662.021	  3223.473	0	295	0	0	sh run_cmd_7.sh 19
17	:	1636816662.016	  3224.055	0	295	0	0	sh run_cmd_7.sh 17
4	:	1636816661.983	  3351.819	0	295	0	0	sh run_cmd_7.sh 4
5	:	1636816661.986	  3357.761	0	295	0	0	sh run_cmd_7.sh 5
7	:	1636816661.992	  3614.546	0	295	0	0	sh run_cmd_7.sh 7
34	:	1636819761.627	   865.611	0	295	0	0	sh run_cmd_7.sh 34
21	:	1636817771.407	  3068.621	0	295	0	0	sh run_cmd_7.sh 21
29	:	1636819651.731	  1316.416	0	295	0	0	sh run_cmd_7.sh 29
23	:	1636818788.152	  3031.667	0	295	0	0	sh run_cmd_7.sh 23
22	:	1636818701.855	  3168.381	0	295	0	0	sh run_cmd_7.sh 22
24	:	1636819239.419	  2838.986	0	295	0	0	sh run_cmd_7.sh 24
27	:	1636819496.019	  2619.787	0	295	0	0	sh run_cmd_7.sh 27
43	:	1636820968.151	  1177.305	0	295	0	0	sh run_cmd_7.sh 43
25	:	1636819310.162	  3048.131	0	295	0	0	sh run_cmd_7.sh 25
26	:	1636819494.221	  2871.039	0	295	0	0	sh run_cmd_7.sh 26
31	:	1636819688.103	  2847.436	0	295	0	0	sh run_cmd_7.sh 31
32	:	1636819720.100	  2852.705	0	295	0	0	sh run_cmd_7.sh 32
37	:	1636819886.075	  2687.861	0	295	0	0	sh run_cmd_7.sh 37
30	:	1636819660.835	  2917.201	0	295	0	0	sh run_cmd_7.sh 30
33	:	1636819730.530	  3024.038	0	295	0	0	sh run_cmd_7.sh 33
35	:	1636819815.078	  2966.541	0	295	0	0	sh run_cmd_7.sh 35
28	:	1636819537.960	  3247.553	0	295	0	0	sh run_cmd_7.sh 28
38	:	1636820013.808	  2815.270	0	295	0	0	sh run_cmd_7.sh 38
36	:	1636819885.500	  3063.176	0	295	0	0	sh run_cmd_7.sh 36
40	:	1636820276.548	  2767.046	0	295	0	0	sh run_cmd_7.sh 40
48	:	1636822145.461	   971.590	0	295	0	0	sh run_cmd_7.sh 48
39	:	1636820019.753	  3187.570	0	295	0	0	sh run_cmd_7.sh 39
41	:	1636820627.247	  2678.384	0	295	0	0	sh run_cmd_7.sh 41
42	:	1636820840.036	  3093.846	0	295	0	0	sh run_cmd_7.sh 42
52	:	1636822572.811	  1408.095	0	295	0	0	sh run_cmd_7.sh 52
57	:	1636822785.520	  1379.610	0	295	0	0	sh run_cmd_7.sh 57
49	:	1636822358.303	  2094.460	0	295	0	0	sh run_cmd_7.sh 49
45	:	1636821870.260	  2853.355	0	295	0	0	sh run_cmd_7.sh 45
46	:	1636822078.410	  3004.960	0	295	0	0	sh run_cmd_7.sh 46
67	:	1636824452.772	   664.518	0	295	0	0	sh run_cmd_7.sh 67
47	:	1636822115.813	  3015.496	0	295	0	0	sh run_cmd_7.sh 47
50	:	1636822365.266	  2825.595	0	295	0	0	sh run_cmd_7.sh 50
44	:	1636821819.827	  3461.734	0	295	0	0	sh run_cmd_7.sh 44
53	:	1636822573.943	  2808.782	0	295	0	0	sh run_cmd_7.sh 53
51	:	1636822535.544	  2873.832	0	295	0	0	sh run_cmd_7.sh 51
58	:	1636822829.089	  2875.747	0	295	0	0	sh run_cmd_7.sh 58
66	:	1636824165.134	  1566.793	0	295	0	0	sh run_cmd_7.sh 66
54	:	1636822578.043	  3322.987	0	295	0	0	sh run_cmd_7.sh 54
60	:	1636823043.599	  2906.054	0	295	0	0	sh run_cmd_7.sh 60
62	:	1636823207.329	  2781.740	0	295	0	0	sh run_cmd_7.sh 62
55	:	1636822754.573	  3266.671	0	295	0	0	sh run_cmd_7.sh 55
56	:	1636822781.624	  3250.779	0	295	0	0	sh run_cmd_7.sh 56
63	:	1636823305.637	  2761.280	0	295	0	0	sh run_cmd_7.sh 63
61	:	1636823117.055	  3146.569	0	295	0	0	sh run_cmd_7.sh 61
59	:	1636822948.681	  3382.717	0	295	0	0	sh run_cmd_7.sh 59
65	:	1636823980.912	  2733.667	0	295	0	0	sh run_cmd_7.sh 65
64	:	1636823933.891	  2980.823	0	295	0	0	sh run_cmd_7.sh 64
72	:	1636825190.866	  2545.773	0	295	0	0	sh run_cmd_7.sh 72
74	:	1636825382.730	  2358.019	0	295	0	0	sh run_cmd_7.sh 74
68	:	1636824723.619	  3082.513	0	295	0	0	sh run_cmd_7.sh 68
69	:	1636825083.380	  2803.453	0	295	0	0	sh run_cmd_7.sh 69
84	:	1636826263.630	  1648.703	0	295	0	0	sh run_cmd_7.sh 84
70	:	1636825117.295	  2959.007	0	295	0	0	sh run_cmd_7.sh 70
73	:	1636825281.569	  2887.530	0	295	0	0	sh run_cmd_7.sh 73
75	:	1636825409.380	  2826.365	0	295	0	0	sh run_cmd_7.sh 75
71	:	1636825131.317	  3221.309	0	295	0	0	sh run_cmd_7.sh 71
86	:	1636826714.586	  1767.444	0	295	0	0	sh run_cmd_7.sh 86
77	:	1636825731.936	  2852.088	0	295	0	0	sh run_cmd_7.sh 77
80	:	1636825989.074	  2692.833	0	295	0	0	sh run_cmd_7.sh 80
78	:	1636825901.037	  3029.792	0	295	0	0	sh run_cmd_7.sh 78
76	:	1636825704.841	  3324.429	0	295	0	0	sh run_cmd_7.sh 76
85	:	1636826331.406	  2743.945	0	295	0	0	sh run_cmd_7.sh 85
82	:	1636826032.412	  3077.868	0	295	0	0	sh run_cmd_7.sh 82
83	:	1636826066.930	  3126.092	0	295	0	0	sh run_cmd_7.sh 83
81	:	1636826021.250	  3175.611	0	295	0	0	sh run_cmd_7.sh 81
79	:	1636825949.658	  3426.138	0	295	0	0	sh run_cmd_7.sh 79
96	:	1636828352.630	  1147.277	0	295	0	0	sh run_cmd_7.sh 96
87	:	1636826914.720	  2745.060	0	295	0	0	sh run_cmd_7.sh 87
91	:	1636827886.839	  2435.095	0	295	0	0	sh run_cmd_7.sh 91
88	:	1636827736.644	  2802.055	0	295	0	0	sh run_cmd_7.sh 88
92	:	1636827912.340	  2673.994	0	295	0	0	sh run_cmd_7.sh 92
89	:	1636827740.755	  2899.866	0	295	0	0	sh run_cmd_7.sh 89
90	:	1636827806.140	  2867.292	0	295	0	0	sh run_cmd_7.sh 90
94	:	1636828169.104	  2630.567	0	295	0	0	sh run_cmd_7.sh 94
93	:	1636828076.311	  2761.928	0	295	0	0	sh run_cmd_7.sh 93
98	:	1636828584.029	  2413.986	0	295	0	0	sh run_cmd_7.sh 98
95	:	1636828235.758	  2802.753	0	295	0	0	sh run_cmd_7.sh 95
97	:	1636828482.038	  2768.095	0	295	0	0	sh run_cmd_7.sh 97
100	:	1636828930.837	  2352.443	0	295	0	0	sh run_cmd_7.sh 100
99	:	1636828681.911	  2715.138	0	295	0	0	sh run_cmd_7.sh 99
