Seq	Host	Starttime	JobRuntime	Send	Receive	Exitval	Signal	Command
12	:	1636786038.277	   497.391	0	295	0	0	sh run_cmd_2.sh 12
3	:	1636786038.254	   594.631	0	295	0	0	sh run_cmd_2.sh 3
17	:	1636786038.287	   632.095	0	295	0	0	sh run_cmd_2.sh 17
6	:	1636786038.262	   743.172	0	295	0	0	sh run_cmd_2.sh 6
9	:	1636786038.270	  1435.750	0	295	0	0	sh run_cmd_2.sh 9
21	:	1636786535.672	  1099.595	0	295	0	0	sh run_cmd_2.sh 21
8	:	1636786038.267	  1623.674	0	295	0	0	sh run_cmd_2.sh 8
7	:	1636786038.265	  1655.638	0	295	0	0	sh run_cmd_2.sh 7
16	:	1636786038.285	  1702.194	0	295	0	0	sh run_cmd_2.sh 16
1	:	1636786038.249	  1711.998	0	295	0	0	sh run_cmd_2.sh 1
10	:	1636786038.272	  1719.494	0	295	0	0	sh run_cmd_2.sh 10
5	:	1636786038.260	  1740.230	0	295	0	0	sh run_cmd_2.sh 5
4	:	1636786038.257	  1751.160	0	295	0	0	sh run_cmd_2.sh 4
19	:	1636786038.291	  1765.432	0	295	0	0	sh run_cmd_2.sh 19
13	:	1636786038.280	  1773.328	0	295	0	0	sh run_cmd_2.sh 13
18	:	1636786038.289	  1775.305	0	295	0	0	sh run_cmd_2.sh 18
15	:	1636786038.284	  1790.644	0	295	0	0	sh run_cmd_2.sh 15
14	:	1636786038.282	  1792.937	0	295	0	0	sh run_cmd_2.sh 14
11	:	1636786038.275	  1847.995	0	295	0	0	sh run_cmd_2.sh 11
20	:	1636786038.293	  1859.658	0	295	0	0	sh run_cmd_2.sh 20
2	:	1636786038.252	  1908.484	0	295	0	0	sh run_cmd_2.sh 2
23	:	1636786670.386	  1528.598	0	295	0	0	sh run_cmd_2.sh 23
22	:	1636786632.889	  1592.643	0	295	0	0	sh run_cmd_2.sh 22
30	:	1636787750.254	   620.733	0	295	0	0	sh run_cmd_2.sh 30
24	:	1636786781.440	  1689.807	0	295	0	0	sh run_cmd_2.sh 24
29	:	1636787740.483	  1017.211	0	295	0	0	sh run_cmd_2.sh 29
44	:	1636788370.991	   412.072	0	295	0	0	sh run_cmd_2.sh 44
25	:	1636787474.023	  1507.716	0	295	0	0	sh run_cmd_2.sh 25
33	:	1636787789.426	  1256.958	0	295	0	0	sh run_cmd_2.sh 33
26	:	1636787635.273	  1616.375	0	295	0	0	sh run_cmd_2.sh 26
28	:	1636787693.907	  1625.904	0	295	0	0	sh run_cmd_2.sh 28
31	:	1636787757.772	  1625.633	0	295	0	0	sh run_cmd_2.sh 31
34	:	1636787803.744	  1588.233	0	295	0	0	sh run_cmd_2.sh 34
41	:	1636787946.741	  1472.924	0	295	0	0	sh run_cmd_2.sh 41
38	:	1636787831.225	  1641.368	0	295	0	0	sh run_cmd_2.sh 38
40	:	1636787897.956	  1580.722	0	295	0	0	sh run_cmd_2.sh 40
27	:	1636787661.946	  1822.092	0	295	0	0	sh run_cmd_2.sh 27
36	:	1636787813.598	  1686.848	0	295	0	0	sh run_cmd_2.sh 36
47	:	1636788783.067	   718.733	0	295	0	0	sh run_cmd_2.sh 47
32	:	1636787778.494	  1827.615	0	295	0	0	sh run_cmd_2.sh 32
39	:	1636787886.276	  1722.237	0	295	0	0	sh run_cmd_2.sh 39
37	:	1636787828.934	  1815.625	0	295	0	0	sh run_cmd_2.sh 37
35	:	1636787811.614	  1945.171	0	295	0	0	sh run_cmd_2.sh 35
51	:	1636789319.817	   530.614	0	295	0	0	sh run_cmd_2.sh 51
43	:	1636788225.536	  1664.668	0	295	0	0	sh run_cmd_2.sh 43
42	:	1636788198.989	  1743.541	0	295	0	0	sh run_cmd_2.sh 42
45	:	1636788471.252	  1754.375	0	295	0	0	sh run_cmd_2.sh 45
46	:	1636788757.702	  1718.512	0	295	0	0	sh run_cmd_2.sh 46
59	:	1636789501.805	  1058.062	0	295	0	0	sh run_cmd_2.sh 59
67	:	1636790225.632	   422.160	0	295	0	0	sh run_cmd_2.sh 67
48	:	1636788981.743	  1727.891	0	295	0	0	sh run_cmd_2.sh 48
49	:	1636789046.389	  1783.219	0	295	0	0	sh run_cmd_2.sh 49
69	:	1636790559.873	   414.981	0	295	0	0	sh run_cmd_2.sh 69
58	:	1636789500.451	  1542.416	0	295	0	0	sh run_cmd_2.sh 58
50	:	1636789251.654	  1851.579	0	295	0	0	sh run_cmd_2.sh 50
68	:	1636790476.218	   640.990	0	295	0	0	sh run_cmd_2.sh 68
57	:	1636789484.043	  1644.974	0	295	0	0	sh run_cmd_2.sh 57
52	:	1636789383.410	  1771.296	0	295	0	0	sh run_cmd_2.sh 52
61	:	1636789608.518	  1565.849	0	295	0	0	sh run_cmd_2.sh 61
56	:	1636789478.683	  1730.205	0	295	0	0	sh run_cmd_2.sh 56
60	:	1636789606.114	  1629.527	0	295	0	0	sh run_cmd_2.sh 60
53	:	1636789391.982	  1930.232	0	295	0	0	sh run_cmd_2.sh 53
54	:	1636789419.676	  1955.949	0	295	0	0	sh run_cmd_2.sh 54
63	:	1636789756.790	  1624.549	0	295	0	0	sh run_cmd_2.sh 63
55	:	1636789472.617	  1909.711	0	295	0	0	sh run_cmd_2.sh 55
66	:	1636789942.535	  1497.296	0	295	0	0	sh run_cmd_2.sh 66
62	:	1636789644.564	  1802.074	0	295	0	0	sh run_cmd_2.sh 62
64	:	1636789850.436	  1635.570	0	295	0	0	sh run_cmd_2.sh 64
65	:	1636789890.210	  1693.241	0	295	0	0	sh run_cmd_2.sh 65
73	:	1636790974.859	   980.710	0	295	0	0	sh run_cmd_2.sh 73
70	:	1636790647.796	  1705.411	0	295	0	0	sh run_cmd_2.sh 70
78	:	1636791154.712	  1232.690	0	295	0	0	sh run_cmd_2.sh 78
71	:	1636790709.644	  1860.135	0	295	0	0	sh run_cmd_2.sh 71
74	:	1636791042.871	  1535.724	0	295	0	0	sh run_cmd_2.sh 74
80	:	1636791208.894	  1459.572	0	295	0	0	sh run_cmd_2.sh 80
72	:	1636790829.612	  1909.940	0	295	0	0	sh run_cmd_2.sh 72
77	:	1636791129.023	  1619.559	0	295	0	0	sh run_cmd_2.sh 77
79	:	1636791174.372	  1592.184	0	295	0	0	sh run_cmd_2.sh 79
81	:	1636791235.646	  1531.973	0	295	0	0	sh run_cmd_2.sh 81
75	:	1636791103.239	  1668.062	0	295	0	0	sh run_cmd_2.sh 75
76	:	1636791117.213	  1696.704	0	295	0	0	sh run_cmd_2.sh 76
85	:	1636791382.333	  1623.238	0	295	0	0	sh run_cmd_2.sh 85
84	:	1636791381.348	  1658.881	0	295	0	0	sh run_cmd_2.sh 84
82	:	1636791322.219	  1801.603	0	295	0	0	sh run_cmd_2.sh 82
83	:	1636791375.655	  1768.466	0	295	0	0	sh run_cmd_2.sh 83
91	:	1636792353.214	   793.160	0	295	0	0	sh run_cmd_2.sh 91
86	:	1636791439.842	  1713.532	0	295	0	0	sh run_cmd_2.sh 86
89	:	1636791583.457	  1640.282	0	295	0	0	sh run_cmd_2.sh 89
88	:	1636791486.024	  1746.656	0	295	0	0	sh run_cmd_2.sh 88
87	:	1636791446.643	  1826.944	0	295	0	0	sh run_cmd_2.sh 87
90	:	1636791955.575	  1596.351	0	295	0	0	sh run_cmd_2.sh 90
98	:	1636792766.560	  1287.501	0	295	0	0	sh run_cmd_2.sh 98
95	:	1636792668.471	  1389.291	0	295	0	0	sh run_cmd_2.sh 95
93	:	1636792569.786	  1498.714	0	295	0	0	sh run_cmd_2.sh 93
94	:	1636792578.600	  1516.186	0	295	0	0	sh run_cmd_2.sh 94
100	:	1636792771.323	  1330.880	0	295	0	0	sh run_cmd_2.sh 100
92	:	1636792387.407	  1749.182	0	295	0	0	sh run_cmd_2.sh 92
99	:	1636792767.624	  1425.598	0	295	0	0	sh run_cmd_2.sh 99
97	:	1636792748.593	  1537.022	0	295	0	0	sh run_cmd_2.sh 97
96	:	1636792739.569	  1611.951	0	295	0	0	sh run_cmd_2.sh 96
