Seq	Host	Starttime	JobRuntime	Send	Receive	Exitval	Signal	Command
18	:	1636816652.947	   799.305	0	295	0	0	sh run_cmd_5.sh 18
1	:	1636816652.903	   850.415	0	295	0	0	sh run_cmd_5.sh 1
17	:	1636816652.945	   972.591	0	295	0	0	sh run_cmd_5.sh 17
13	:	1636816652.937	  1792.931	0	295	0	0	sh run_cmd_5.sh 13
7	:	1636816652.921	  2111.460	0	295	0	0	sh run_cmd_5.sh 7
14	:	1636816652.939	  2258.766	0	295	0	0	sh run_cmd_5.sh 14
15	:	1636816652.941	  2274.526	0	295	0	0	sh run_cmd_5.sh 15
6	:	1636816652.918	  2349.717	0	295	0	0	sh run_cmd_5.sh 6
16	:	1636816652.943	  2350.327	0	295	0	0	sh run_cmd_5.sh 16
10	:	1636816652.929	  2393.975	0	295	0	0	sh run_cmd_5.sh 10
2	:	1636816652.907	  2412.034	0	295	0	0	sh run_cmd_5.sh 2
9	:	1636816652.927	  2465.520	0	295	0	0	sh run_cmd_5.sh 9
3	:	1636816652.909	  2505.664	0	295	0	0	sh run_cmd_5.sh 3
20	:	1636816652.951	  2527.414	0	295	0	0	sh run_cmd_5.sh 20
11	:	1636816652.932	  2589.789	0	295	0	0	sh run_cmd_5.sh 11
8	:	1636816652.924	  2631.766	0	295	0	0	sh run_cmd_5.sh 8
5	:	1636816652.915	  2638.436	0	295	0	0	sh run_cmd_5.sh 5
12	:	1636816652.934	  2678.207	0	295	0	0	sh run_cmd_5.sh 12
19	:	1636816652.950	  2687.014	0	295	0	0	sh run_cmd_5.sh 19
4	:	1636816652.912	  2742.315	0	295	0	0	sh run_cmd_5.sh 4
23	:	1636817625.541	  2310.613	0	295	0	0	sh run_cmd_5.sh 23
22	:	1636817503.325	  2600.692	0	295	0	0	sh run_cmd_5.sh 22
21	:	1636817452.256	  2661.958	0	295	0	0	sh run_cmd_5.sh 21
25	:	1636818764.386	  2362.957	0	295	0	0	sh run_cmd_5.sh 25
24	:	1636818445.881	  2733.177	0	295	0	0	sh run_cmd_5.sh 24
30	:	1636819046.909	  2189.955	0	295	0	0	sh run_cmd_5.sh 30
33	:	1636819158.578	  2220.947	0	295	0	0	sh run_cmd_5.sh 33
28	:	1636819002.640	  2462.144	0	295	0	0	sh run_cmd_5.sh 28
29	:	1636819003.275	  2463.518	0	295	0	0	sh run_cmd_5.sh 29
31	:	1636819064.947	  2417.512	0	295	0	0	sh run_cmd_5.sh 31
26	:	1636818911.712	  2600.413	0	295	0	0	sh run_cmd_5.sh 26
39	:	1636819339.970	  2335.753	0	295	0	0	sh run_cmd_5.sh 39
40	:	1636819395.232	  2291.551	0	295	0	0	sh run_cmd_5.sh 40
32	:	1636819118.457	  2572.953	0	295	0	0	sh run_cmd_5.sh 32
27	:	1636818927.472	  2768.839	0	295	0	0	sh run_cmd_5.sh 27
37	:	1636819291.358	  2434.642	0	295	0	0	sh run_cmd_5.sh 37
34	:	1636819180.378	  2676.338	0	295	0	0	sh run_cmd_5.sh 34
38	:	1636819331.147	  2697.052	0	295	0	0	sh run_cmd_5.sh 38
35	:	1636819242.730	  2792.253	0	295	0	0	sh run_cmd_5.sh 35
36	:	1636819284.696	  2752.125	0	295	0	0	sh run_cmd_5.sh 36
41	:	1636819936.159	  2255.272	0	295	0	0	sh run_cmd_5.sh 41
42	:	1636820104.022	  2261.467	0	295	0	0	sh run_cmd_5.sh 42
54	:	1636821691.418	   913.325	0	295	0	0	sh run_cmd_5.sh 54
43	:	1636820114.222	  2621.360	0	295	0	0	sh run_cmd_5.sh 43
45	:	1636821179.065	  1615.842	0	295	0	0	sh run_cmd_5.sh 45
44	:	1636821127.348	  2356.497	0	295	0	0	sh run_cmd_5.sh 44
46	:	1636821236.868	  2392.618	0	295	0	0	sh run_cmd_5.sh 46
48	:	1636821464.788	  2296.578	0	295	0	0	sh run_cmd_5.sh 48
51	:	1636821512.135	  2402.048	0	295	0	0	sh run_cmd_5.sh 51
50	:	1636821482.464	  2438.713	0	295	0	0	sh run_cmd_5.sh 50
47	:	1636821379.531	  2636.083	0	295	0	0	sh run_cmd_5.sh 47
55	:	1636821696.316	  2364.298	0	295	0	0	sh run_cmd_5.sh 55
49	:	1636821466.806	  2715.816	0	295	0	0	sh run_cmd_5.sh 49
52	:	1636821675.734	  2531.973	0	295	0	0	sh run_cmd_5.sh 52
57	:	1636821856.721	  2404.651	0	295	0	0	sh run_cmd_5.sh 57
59	:	1636822034.992	  2414.360	0	295	0	0	sh run_cmd_5.sh 59
60	:	1636822036.825	  2424.399	0	295	0	0	sh run_cmd_5.sh 60
53	:	1636821686.796	  2779.766	0	295	0	0	sh run_cmd_5.sh 53
61	:	1636822191.436	  2304.792	0	295	0	0	sh run_cmd_5.sh 61
56	:	1636821726.016	  2800.203	0	295	0	0	sh run_cmd_5.sh 56
58	:	1636822028.208	  2753.561	0	295	0	0	sh run_cmd_5.sh 58
62	:	1636822365.494	  2451.772	0	295	0	0	sh run_cmd_5.sh 62
70	:	1636823921.182	   911.248	0	295	0	0	sh run_cmd_5.sh 70
64	:	1636822735.586	  2100.107	0	295	0	0	sh run_cmd_5.sh 64
63	:	1636822604.757	  2496.765	0	295	0	0	sh run_cmd_5.sh 63
83	:	1636824832.435	   789.114	0	295	0	0	sh run_cmd_5.sh 83
65	:	1636822794.913	  2918.552	0	295	0	0	sh run_cmd_5.sh 65
66	:	1636823483.851	  2331.674	0	295	0	0	sh run_cmd_5.sh 66
67	:	1636823629.491	  2330.074	0	295	0	0	sh run_cmd_5.sh 67
68	:	1636823761.378	  2314.866	0	295	0	0	sh run_cmd_5.sh 68
69	:	1636823914.188	  2323.985	0	295	0	0	sh run_cmd_5.sh 69
71	:	1636824015.619	  2379.653	0	295	0	0	sh run_cmd_5.sh 71
72	:	1636824060.619	  2359.901	0	295	0	0	sh run_cmd_5.sh 72
87	:	1636825713.470	   724.329	0	295	0	0	sh run_cmd_5.sh 87
73	:	1636824182.626	  2312.206	0	295	0	0	sh run_cmd_5.sh 73
74	:	1636824207.713	  2496.855	0	295	0	0	sh run_cmd_5.sh 74
77	:	1636824461.233	  2302.868	0	295	0	0	sh run_cmd_5.sh 77
76	:	1636824449.362	  2489.676	0	295	0	0	sh run_cmd_5.sh 76
78	:	1636824466.567	  2485.327	0	295	0	0	sh run_cmd_5.sh 78
82	:	1636824817.270	  2152.854	0	295	0	0	sh run_cmd_5.sh 82
80	:	1636824526.225	  2520.500	0	295	0	0	sh run_cmd_5.sh 80
84	:	1636824835.702	  2339.952	0	295	0	0	sh run_cmd_5.sh 84
75	:	1636824261.377	  2918.390	0	295	0	0	sh run_cmd_5.sh 75
79	:	1636824496.237	  2761.529	0	295	0	0	sh run_cmd_5.sh 79
93	:	1636826420.526	   924.967	0	295	0	0	sh run_cmd_5.sh 93
81	:	1636824781.778	  2630.728	0	295	0	0	sh run_cmd_5.sh 81
85	:	1636825101.531	  2409.450	0	295	0	0	sh run_cmd_5.sh 85
88	:	1636825815.531	  1845.812	0	295	0	0	sh run_cmd_5.sh 88
99	:	1636826951.899	   785.535	0	295	0	0	sh run_cmd_5.sh 99
86	:	1636825621.556	  2202.154	0	295	0	0	sh run_cmd_5.sh 86
89	:	1636825959.571	  2206.802	0	295	0	0	sh run_cmd_5.sh 89
91	:	1636826238.180	  2044.723	0	295	0	0	sh run_cmd_5.sh 91
90	:	1636826076.250	  2284.542	0	295	0	0	sh run_cmd_5.sh 90
94	:	1636826437.807	  2163.884	0	295	0	0	sh run_cmd_5.sh 94
92	:	1636826395.276	  2232.086	0	295	0	0	sh run_cmd_5.sh 92
95	:	1636826494.837	  2174.613	0	295	0	0	sh run_cmd_5.sh 95
96	:	1636826704.574	  1979.928	0	295	0	0	sh run_cmd_5.sh 96
98	:	1636826939.047	  1964.700	0	295	0	0	sh run_cmd_5.sh 98
97	:	1636826764.106	  2142.177	0	295	0	0	sh run_cmd_5.sh 97
100	:	1636826970.149	  1953.516	0	295	0	0	sh run_cmd_5.sh 100
