Seq	Host	Starttime	JobRuntime	Send	Receive	Exitval	Signal	Command
6	:	1636786063.973	   658.099	0	295	0	0	sh run_cmd_4.sh 6
5	:	1636786063.971	  2072.417	0	295	0	0	sh run_cmd_4.sh 5
18	:	1636786063.996	  2079.912	0	295	0	0	sh run_cmd_4.sh 18
4	:	1636786063.968	  2085.549	0	295	0	0	sh run_cmd_4.sh 4
14	:	1636786063.989	  2092.185	0	295	0	0	sh run_cmd_4.sh 14
1	:	1636786063.961	  2093.597	0	295	0	0	sh run_cmd_4.sh 1
16	:	1636786063.992	  2099.953	0	295	0	0	sh run_cmd_4.sh 16
9	:	1636786063.979	  2101.551	0	295	0	0	sh run_cmd_4.sh 9
8	:	1636786063.977	  2105.977	0	295	0	0	sh run_cmd_4.sh 8
13	:	1636786063.987	  2129.802	0	295	0	0	sh run_cmd_4.sh 13
15	:	1636786063.990	  2136.476	0	295	0	0	sh run_cmd_4.sh 15
10	:	1636786063.981	  2221.118	0	295	0	0	sh run_cmd_4.sh 10
2	:	1636786063.964	  2247.450	0	295	0	0	sh run_cmd_4.sh 2
11	:	1636786063.983	  2324.088	0	295	0	0	sh run_cmd_4.sh 11
19	:	1636786063.998	  2389.634	0	295	0	0	sh run_cmd_4.sh 19
7	:	1636786063.975	  2406.853	0	295	0	0	sh run_cmd_4.sh 7
12	:	1636786063.985	  2435.765	0	295	0	0	sh run_cmd_4.sh 12
17	:	1636786063.994	  2442.591	0	295	0	0	sh run_cmd_4.sh 17
3	:	1636786063.966	  2509.773	0	295	0	0	sh run_cmd_4.sh 3
20	:	1636786064.000	  2754.424	0	295	0	0	sh run_cmd_4.sh 20
21	:	1636786722.079	  2138.507	0	295	0	0	sh run_cmd_4.sh 21
37	:	1636788499.754	   844.654	0	295	0	0	sh run_cmd_4.sh 37
39	:	1636788573.764	  1128.897	0	295	0	0	sh run_cmd_4.sh 39
25	:	1636788156.180	  1943.296	0	295	0	0	sh run_cmd_4.sh 25
24	:	1636788149.522	  1983.763	0	295	0	0	sh run_cmd_4.sh 24
27	:	1636788163.950	  2013.204	0	295	0	0	sh run_cmd_4.sh 27
28	:	1636788165.535	  2083.763	0	295	0	0	sh run_cmd_4.sh 28
26	:	1636788157.562	  2095.259	0	295	0	0	sh run_cmd_4.sh 26
31	:	1636788200.477	  2078.332	0	295	0	0	sh run_cmd_4.sh 31
22	:	1636788136.392	  2174.822	0	295	0	0	sh run_cmd_4.sh 22
29	:	1636788169.959	  2159.735	0	295	0	0	sh run_cmd_4.sh 29
23	:	1636788143.913	  2225.391	0	295	0	0	sh run_cmd_4.sh 23
33	:	1636788311.419	  2192.114	0	295	0	0	sh run_cmd_4.sh 33
32	:	1636788285.107	  2249.315	0	295	0	0	sh run_cmd_4.sh 32
36	:	1636788470.835	  2149.411	0	295	0	0	sh run_cmd_4.sh 36
34	:	1636788388.077	  2317.795	0	295	0	0	sh run_cmd_4.sh 34
30	:	1636788193.794	  2534.817	0	295	0	0	sh run_cmd_4.sh 30
35	:	1636788453.637	  2290.176	0	295	0	0	sh run_cmd_4.sh 35
38	:	1636788506.590	  2389.157	0	295	0	0	sh run_cmd_4.sh 38
40	:	1636788818.429	  2079.640	0	295	0	0	sh run_cmd_4.sh 40
41	:	1636788860.594	  2209.426	0	295	0	0	sh run_cmd_4.sh 41
52	:	1636790369.310	   719.496	0	295	0	0	sh run_cmd_4.sh 52
62	:	1636791088.811	   552.710	0	295	0	0	sh run_cmd_4.sh 62
42	:	1636789344.416	  2353.490	0	295	0	0	sh run_cmd_4.sh 42
43	:	1636789702.665	  2265.361	0	295	0	0	sh run_cmd_4.sh 43
44	:	1636790099.481	  1945.769	0	295	0	0	sh run_cmd_4.sh 44
46	:	1636790177.162	  1997.457	0	295	0	0	sh run_cmd_4.sh 46
48	:	1636790252.825	  1990.636	0	295	0	0	sh run_cmd_4.sh 48
49	:	1636790278.813	  2038.315	0	295	0	0	sh run_cmd_4.sh 49
45	:	1636790133.289	  2239.200	0	295	0	0	sh run_cmd_4.sh 45
51	:	1636790329.699	  2073.520	0	295	0	0	sh run_cmd_4.sh 51
63	:	1636791641.526	   777.647	0	295	0	0	sh run_cmd_4.sh 63
50	:	1636790311.218	  2133.739	0	295	0	0	sh run_cmd_4.sh 50
47	:	1636790249.303	  2240.414	0	295	0	0	sh run_cmd_4.sh 47
55	:	1636790620.250	  1956.589	0	295	0	0	sh run_cmd_4.sh 55
56	:	1636790705.879	  2055.975	0	295	0	0	sh run_cmd_4.sh 56
54	:	1636790534.433	  2235.198	0	295	0	0	sh run_cmd_4.sh 54
53	:	1636790503.542	  2310.912	0	295	0	0	sh run_cmd_4.sh 53
64	:	1636791697.910	  1130.293	0	295	0	0	sh run_cmd_4.sh 64
57	:	1636790728.615	  2108.816	0	295	0	0	sh run_cmd_4.sh 57
58	:	1636790743.819	  2226.296	0	295	0	0	sh run_cmd_4.sh 58
59	:	1636790895.755	  2081.075	0	295	0	0	sh run_cmd_4.sh 59
60	:	1636790898.078	  2390.644	0	295	0	0	sh run_cmd_4.sh 60
61	:	1636791070.025	  2293.578	0	295	0	0	sh run_cmd_4.sh 61
70	:	1636792372.501	  1344.436	0	295	0	0	sh run_cmd_4.sh 70
65	:	1636791968.030	  2062.348	0	295	0	0	sh run_cmd_4.sh 65
81	:	1636792970.120	  1376.786	0	295	0	0	sh run_cmd_4.sh 81
69	:	1636792317.132	  2060.260	0	295	0	0	sh run_cmd_4.sh 69
72	:	1636792419.177	  1989.618	0	295	0	0	sh run_cmd_4.sh 72
68	:	1636792243.466	  2185.105	0	295	0	0	sh run_cmd_4.sh 68
71	:	1636792403.226	  2093.406	0	295	0	0	sh run_cmd_4.sh 71
66	:	1636792045.254	  2454.792	0	295	0	0	sh run_cmd_4.sh 66
73	:	1636792444.961	  2072.926	0	295	0	0	sh run_cmd_4.sh 73
74	:	1636792489.723	  2090.738	0	295	0	0	sh run_cmd_4.sh 74
67	:	1636792174.623	  2530.159	0	295	0	0	sh run_cmd_4.sh 67
75	:	1636792576.844	  2229.610	0	295	0	0	sh run_cmd_4.sh 75
76	:	1636792761.858	  2045.601	0	295	0	0	sh run_cmd_4.sh 76
77	:	1636792769.641	  2071.114	0	295	0	0	sh run_cmd_4.sh 77
82	:	1636792976.839	  1876.541	0	295	0	0	sh run_cmd_4.sh 82
80	:	1636792837.444	  2115.548	0	295	0	0	sh run_cmd_4.sh 80
78	:	1636792814.459	  2247.426	0	295	0	0	sh run_cmd_4.sh 78
79	:	1636792828.210	  2335.812	0	295	0	0	sh run_cmd_4.sh 79
88	:	1636794377.398	   811.203	0	295	0	0	sh run_cmd_4.sh 88
83	:	1636793288.727	  2092.947	0	295	0	0	sh run_cmd_4.sh 83
84	:	1636793363.608	  2116.178	0	295	0	0	sh run_cmd_4.sh 84
85	:	1636793716.941	  2164.904	0	295	0	0	sh run_cmd_4.sh 85
95	:	1636794704.787	  1273.088	0	295	0	0	sh run_cmd_4.sh 95
86	:	1636794030.383	  2043.183	0	295	0	0	sh run_cmd_4.sh 86
91	:	1636794496.637	  1859.276	0	295	0	0	sh run_cmd_4.sh 91
87	:	1636794346.910	  2083.599	0	295	0	0	sh run_cmd_4.sh 87
89	:	1636794408.800	  2025.134	0	295	0	0	sh run_cmd_4.sh 89
92	:	1636794500.053	  1958.101	0	295	0	0	sh run_cmd_4.sh 92
90	:	1636794428.577	  2109.801	0	295	0	0	sh run_cmd_4.sh 90
97	:	1636794807.464	  1827.117	0	295	0	0	sh run_cmd_4.sh 97
93	:	1636794517.891	  2150.457	0	295	0	0	sh run_cmd_4.sh 93
94	:	1636794580.466	  2142.188	0	295	0	0	sh run_cmd_4.sh 94
99	:	1636794853.384	  1954.935	0	295	0	0	sh run_cmd_4.sh 99
96	:	1636794806.459	  2025.995	0	295	0	0	sh run_cmd_4.sh 96
98	:	1636794840.759	  2010.738	0	295	0	0	sh run_cmd_4.sh 98
100	:	1636794952.996	  1979.181	0	295	0	0	sh run_cmd_4.sh 100
